<?xml version="1.0" encoding="UTF-8"?>
<testsuite name="com.library.app.category.repository.CategoryRepositoryUTest" time="2.393" tests="8" errors="0" skipped="0" failures="0">
  <properties>
    <property name="java.runtime.name" value="Java(TM) SE Runtime Environment"/>
    <property name="java.vm.version" value="11.0.13+10-LTS-370"/>
    <property name="sun.boot.library.path" value="/Library/Java/JavaVirtualMachines/jdk-11.0.13.jdk/Contents/Home/lib"/>
    <property name="gopherProxySet" value="false"/>
    <property name="maven.multiModuleProjectDirectory" value="/Users/robbie/eclipse-workspace/AIT_MASE_SEM2/library-app"/>
    <property name="java.vm.vendor" value="Oracle Corporation"/>
    <property name="java.vendor.url" value="https://openjdk.java.net/"/>
    <property name="guice.disable.misplaced.annotation.check" value="true"/>
    <property name="path.separator" value=":"/>
    <property name="java.vm.name" value="Java HotSpot(TM) 64-Bit Server VM"/>
    <property name="sun.os.patch.level" value="unknown"/>
    <property name="user.country" value="GB"/>
    <property name="sun.java.launcher" value="SUN_STANDARD"/>
    <property name="java.vm.specification.name" value="Java Virtual Machine Specification"/>
    <property name="user.dir" value="/Users/robbie/eclipse-workspace/AIT_MASE_SEM2/library-app"/>
    <property name="java.vm.compressedOopsMode" value="Zero based"/>
    <property name="java.runtime.version" value="11.0.13+10-LTS-370"/>
    <property name="java.awt.graphicsenv" value="sun.awt.CGraphicsEnvironment"/>
    <property name="os.arch" value="x86_64"/>
    <property name="java.io.tmpdir" value="/var/folders/52/4kj1wt0j06v0jwwyls_tlm_m0000gn/T/"/>
    <property name="line.separator" value="&#10;"/>
    <property name="java.vm.specification.vendor" value="Oracle Corporation"/>
    <property name="os.name" value="Mac OS X"/>
    <property name="classworlds.conf" value="/Users/robbie/apache-maven-3.8.4/bin/m2.conf"/>
    <property name="sun.jnu.encoding" value="UTF-8"/>
    <property name="java.library.path" value="/Users/robbie/Library/Java/Extensions:/Library/Java/Extensions:/Network/Library/Java/Extensions:/System/Library/Java/Extensions:/usr/lib/java:."/>
    <property name="maven.conf" value="/Users/robbie/apache-maven-3.8.4/conf"/>
    <property name="jdk.debug" value="release"/>
    <property name="java.class.version" value="55.0"/>
    <property name="java.specification.name" value="Java Platform API Specification"/>
    <property name="sun.management.compiler" value="HotSpot 64-Bit Tiered Compilers"/>
    <property name="os.version" value="11.5"/>
    <property name="library.jansi.path" value="/Users/robbie/apache-maven-3.8.4/lib/jansi-native"/>
    <property name="http.nonProxyHosts" value="local|*.local|169.254/16|*.169.254/16"/>
    <property name="user.home" value="/Users/robbie"/>
    <property name="user.timezone" value="Europe/Dublin"/>
    <property name="java.awt.printerjob" value="sun.lwawt.macosx.CPrinterJob"/>
    <property name="file.encoding" value="UTF-8"/>
    <property name="java.specification.version" value="11"/>
    <property name="user.name" value="robbie"/>
    <property name="java.class.path" value="/Users/robbie/apache-maven-3.8.4/boot/plexus-classworlds-2.6.0.jar"/>
    <property name="java.vm.specification.version" value="11"/>
    <property name="sun.arch.data.model" value="64"/>
    <property name="sun.java.command" value="org.codehaus.plexus.classworlds.launcher.Launcher clean install -PintegrationTests-wildfly"/>
    <property name="java.home" value="/Library/Java/JavaVirtualMachines/jdk-11.0.13.jdk/Contents/Home"/>
    <property name="user.language" value="en"/>
    <property name="java.specification.vendor" value="Oracle Corporation"/>
    <property name="awt.toolkit" value="sun.lwawt.macosx.LWCToolkit"/>
    <property name="java.vm.info" value="mixed mode"/>
    <property name="java.version" value="11.0.13"/>
    <property name="java.vendor" value="Oracle Corporation"/>
    <property name="maven.home" value="/Users/robbie/apache-maven-3.8.4"/>
    <property name="file.separator" value="/"/>
    <property name="java.version.date" value="2021-10-19"/>
    <property name="java.vendor.url.bug" value="https://bugreport.java.com/bugreport/"/>
    <property name="sun.io.unicode.encoding" value="UnicodeBig"/>
    <property name="sun.cpu.endian" value="little"/>
    <property name="java.vendor.version" value="18.9"/>
    <property name="socksNonProxyHosts" value="local|*.local|169.254/16|*.169.254/16"/>
    <property name="ftp.nonProxyHosts" value="local|*.local|169.254/16|*.169.254/16"/>
    <property name="sun.cpu.isalist" value=""/>
  </properties>
  <testcase name="findCategoryByIdWithNullId" classname="com.library.app.category.repository.CategoryRepositoryUTest" time="1.938"/>
  <testcase name="alreadyExistsForAdd" classname="com.library.app.category.repository.CategoryRepositoryUTest" time="0.247"/>
  <testcase name="addCategoryAndFindIt" classname="com.library.app.category.repository.CategoryRepositoryUTest" time="0.038"/>
  <testcase name="alreadyExistsCategoryWithId" classname="com.library.app.category.repository.CategoryRepositoryUTest" time="0.035"/>
  <testcase name="findAllCategories" classname="com.library.app.category.repository.CategoryRepositoryUTest" time="0.034"/>
  <testcase name="existsById" classname="com.library.app.category.repository.CategoryRepositoryUTest" time="0.028"/>
  <testcase name="updateCategory" classname="com.library.app.category.repository.CategoryRepositoryUTest" time="0.046"/>
  <testcase name="findCategoryByIdNotFound" classname="com.library.app.category.repository.CategoryRepositoryUTest" time="0.027"/>
</testsuite>